2025-01-02 00:36:20,894 root DEBUG this is in  second debuging message
2025-01-02 00:36:20,894 root CRITICAL This is my second critical message
2025-01-02 00:36:20,894 root ERROR this is my second error
2025-01-02 00:36:24,633 - INFO - Iterating through the list, current element: 1
2025-01-02 00:36:24,633 - INFO - Element is an integer: 1
2025-01-02 00:36:24,633 - INFO - Iterating through the list, current element: 2
2025-01-02 00:36:24,633 - INFO - Element is an integer: 2
2025-01-02 00:36:24,633 - INFO - Iterating through the list, current element: 3
2025-01-02 00:36:24,633 - INFO - Element is an integer: 3
2025-01-02 00:36:24,633 - INFO - Iterating through the list, current element: 4
2025-01-02 00:36:24,633 - INFO - Element is an integer: 4
2025-01-02 00:36:24,633 - INFO - Iterating through the list, current element: 5
2025-01-02 00:36:24,633 - INFO - Element is an integer: 5
2025-01-02 00:36:24,633 - INFO - Iterating through the list, current element: [7, 9, 33]
2025-01-02 00:36:24,633 - INFO - Element is a list: [7, 9, 33]
2025-01-02 00:36:24,633 - INFO - Iterating through nested list, current element: 7
2025-01-02 00:36:24,633 - INFO - Nested element is an integer: 7
2025-01-02 00:36:24,633 - INFO - Iterating through nested list, current element: 9
2025-01-02 00:36:24,633 - INFO - Nested element is an integer: 9
2025-01-02 00:36:24,633 - INFO - Iterating through nested list, current element: 33
2025-01-02 00:36:24,633 - INFO - Nested element is an integer: 33
2025-01-02 00:36:24,633 - INFO - Iterating through the list, current element: an
2025-01-02 00:36:24,633 - INFO - Element is a string: an
2025-01-02 00:36:24,633 - INFO - Iterating through the list, current element: jha
2025-01-02 00:36:24,633 - INFO - Element is a string: jha
